<?xml version="1.0" encoding="UTF-8"?>
<!-- Generated by org.testng.reporters.JUnitReportReporter -->
<testsuite skipped="0" hostname="DESKTOP-N504N6L" name="com.test.ShipmentStatus" tests="1" failures="0" timestamp="14 Jan 2019 13:30:24 GMT" time="33.895" errors="0">
  <testcase name="ValidateShipmentStatus3" time="33.895" classname="com.test.ShipmentStatus"/>
</testsuite> <!-- com.test.ShipmentStatus -->
