<?xml version="1.0" encoding="UTF-8"?>
<!-- Generated by org.testng.reporters.JUnitReportReporter -->
<testsuite skipped="0" hostname="DESKTOP-N504N6L" name="com.test.GetResponseToLoadTender" tests="1" failures="0" timestamp="14 Jan 2019 12:02:40 GMT" time="8.221" errors="0">
  <testcase name="ValidateResponseToLoadTenderNoNoteCollectionNode" time="8.221" classname="com.test.GetResponseToLoadTender"/>
</testsuite> <!-- com.test.GetResponseToLoadTender -->
