<?xml version="1.0" encoding="UTF-8"?>
<!-- Generated by org.testng.reporters.JUnitReportReporter -->
<testsuite skipped="0" hostname="DESKTOP-N504N6L" name="com.test.GETProofOfDelivery" tests="6" failures="0" timestamp="14 Jan 2019 13:30:51 GMT" time="56.382" errors="0">
  <testcase name="ValidatePODImageInResponseWhenTheDataIsAvailableInBlob1" time="10.248" classname="com.test.GETProofOfDelivery"/>
  <testcase name="ValidateUnAuthorisedInResponseWhenSubscriptionKeyIsInvalid" time="3.181" classname="com.test.GETProofOfDelivery"/>
  <testcase name="ValidateResponseWhenReferenceNumberNotStartsWithS" time="6.781" classname="com.test.GETProofOfDelivery"/>
  <testcase name="ValidatePODImageInResponseWhenTheDataIsAvailableInBlob2" time="15.743" classname="com.test.GETProofOfDelivery"/>
  <testcase name="ValidateBadRequestFailureInResponseWhenDataPassedInRequestIsInvalid" time="11.483" classname="com.test.GETProofOfDelivery"/>
  <testcase name="ValidateNotFoundFailureInResponseWhenTheDataIsNotAvailableInBlob" time="8.946" classname="com.test.GETProofOfDelivery"/>
</testsuite> <!-- com.test.GETProofOfDelivery -->
