<?xml version="1.0" encoding="UTF-8"?>
<!-- Generated by org.testng.reporters.JUnitReportReporter -->
<testsuite skipped="0" hostname="DESKTOP-N504N6L" name="com.test.ShipmentStatus1" tests="1" failures="0" timestamp="14 Jan 2019 12:01:48 GMT" time="46.760" errors="0">
  <testcase name="ValidateShipmentStatus3" time="46.760" classname="com.test.ShipmentStatus1"/>
</testsuite> <!-- com.test.ShipmentStatus1 -->
